<?xml version="1.0" encoding="UTF-8"?>
<testng-results ignored="0" total="1" passed="1" failed="0" skipped="0">
  <reporter-output>
  </reporter-output>
  <suite started-at="2023-02-25T12:47:17 IST" name="Default suite" finished-at="2023-02-25T12:47:32 IST" duration-ms="15413">
    <groups>
    </groups>
    <test started-at="2023-02-25T12:47:17 IST" name="Default test" finished-at="2023-02-25T12:47:32 IST" duration-ms="15413">
      <class name="project_2.Login">
        <test-method signature="login()[pri:0, instance:project_2.Login@50eac852]" started-at="2023-02-25T12:47:17 IST" name="login" finished-at="2023-02-25T12:47:32 IST" duration-ms="15323" status="PASS">
          <reporter-output>
          </reporter-output>
        </test-method> <!-- login -->
      </class> <!-- project_2.Login -->
    </test> <!-- Default test -->
  </suite> <!-- Default suite -->
</testng-results>
